2022-09-16 02:25:25.030  INFO 18000 --- [restartedMain] com.enesderin.KodluyoruzApplication      : Starting KodluyoruzApplication using Java 18.0.1.1 on LAPTOP-80IVEB90 with PID 18000 (C:\Users\ENES\OneDrive\Masa端st端\kodluyoruz\target\classes started by ENES in C:\Users\ENES\OneDrive\Masa端st端\kodluyoruz)
2022-09-16 02:25:25.030  INFO 18000 --- [restartedMain] com.enesderin.KodluyoruzApplication      : No active profile set, falling back to 1 default profile: "default"
2022-09-16 02:25:25.075  INFO 18000 --- [restartedMain] o.s.b.devtools.restart.ChangeableUrls    : The Class-Path manifest attribute in C:\Users\ENES\.m2\repository\com\oracle\database\jdbc\ojdbc8\21.5.0.0\ojdbc8-21.5.0.0.jar referenced one or more files that do not exist: file:/C:/Users/ENES/.m2/repository/com/oracle/database/jdbc/ojdbc8/21.5.0.0/oraclepki.jar
2022-09-16 02:25:25.076  INFO 18000 --- [restartedMain] .e.DevToolsPropertyDefaultsPostProcessor : Devtools property defaults active! Set 'spring.devtools.add-properties' to 'false' to disable
2022-09-16 02:25:25.076  INFO 18000 --- [restartedMain] .e.DevToolsPropertyDefaultsPostProcessor : For additional web related logging consider setting the 'logging.level.web' property to 'DEBUG'
2022-09-16 02:25:25.944  INFO 18000 --- [restartedMain] .s.d.r.c.RepositoryConfigurationDelegate : Bootstrapping Spring Data JPA repositories in DEFAULT mode.
2022-09-16 02:25:25.959  INFO 18000 --- [restartedMain] .s.d.r.c.RepositoryConfigurationDelegate : Finished Spring Data repository scanning in 4 ms. Found 0 JPA repository interfaces.
2022-09-16 02:25:26.507  INFO 18000 --- [restartedMain] o.s.b.w.embedded.tomcat.TomcatWebServer  : Tomcat initialized with port(s): 8080 (http)
2022-09-16 02:25:26.515  INFO 18000 --- [restartedMain] o.apache.catalina.core.StandardService   : Starting service [Tomcat]
2022-09-16 02:25:26.515  INFO 18000 --- [restartedMain] org.apache.catalina.core.StandardEngine  : Starting Servlet engine: [Apache Tomcat/9.0.65]
2022-09-16 02:25:26.604  INFO 18000 --- [restartedMain] o.a.c.c.C.[Tomcat].[localhost].[/]       : Initializing Spring embedded WebApplicationContext
2022-09-16 02:25:26.605  INFO 18000 --- [restartedMain] w.s.c.ServletWebServerApplicationContext : Root WebApplicationContext: initialization completed in 1529 ms
2022-09-16 02:25:26.700  INFO 18000 --- [restartedMain] com.zaxxer.hikari.HikariDataSource       : HikariPool-1 - Starting...
2022-09-16 02:25:26.866  INFO 18000 --- [restartedMain] com.zaxxer.hikari.HikariDataSource       : HikariPool-1 - Start completed.
2022-09-16 02:25:26.875  INFO 18000 --- [restartedMain] o.s.b.a.h2.H2ConsoleAutoConfiguration    : H2 console available at '/h2-console'. Database available at 'jdbc:h2:mem:9dbd9c0d-a03a-4267-ba16-1f6a2741d025'
2022-09-16 02:25:26.996  INFO 18000 --- [restartedMain] o.hibernate.jpa.internal.util.LogHelper  : HHH000204: Processing PersistenceUnitInfo [name: default]
2022-09-16 02:25:27.043  INFO 18000 --- [restartedMain] org.hibernate.Version                    : HHH000412: Hibernate ORM core version 5.6.10.Final
2022-09-16 02:25:27.161  INFO 18000 --- [restartedMain] o.hibernate.annotations.common.Version   : HCANN000001: Hibernate Commons Annotations {5.1.2.Final}
2022-09-16 02:25:27.242  INFO 18000 --- [restartedMain] org.hibernate.dialect.Dialect            : HHH000400: Using dialect: org.hibernate.dialect.H2Dialect
2022-09-16 02:25:27.375  INFO 18000 --- [restartedMain] o.h.e.t.j.p.i.JtaPlatformInitiator       : HHH000490: Using JtaPlatform implementation: [org.hibernate.engine.transaction.jta.platform.internal.NoJtaPlatform]
2022-09-16 02:25:27.381  INFO 18000 --- [restartedMain] j.LocalContainerEntityManagerFactoryBean : Initialized JPA EntityManagerFactory for persistence unit 'default'
2022-09-16 02:25:27.482  WARN 18000 --- [restartedMain] JpaBaseConfiguration$JpaWebConfiguration : spring.jpa.open-in-view is enabled by default. Therefore, database queries may be performed during view rendering. Explicitly configure spring.jpa.open-in-view to disable this warning
2022-09-16 02:25:27.976  WARN 18000 --- [restartedMain] ion$DefaultTemplateResolverConfiguration : Cannot find template location: classpath:/templates/ (please add some templates or check your Thymeleaf configuration)
2022-09-16 02:25:28.247  WARN 18000 --- [restartedMain] .s.s.UserDetailsServiceAutoConfiguration : 

Using generated security password: e5a2c529-fb7a-4764-af34-a75f62e963eb

This generated password is for development use only. Your security configuration must be updated before running your application in production.

2022-09-16 02:25:28.348  INFO 18000 --- [restartedMain] o.s.b.a.e.web.EndpointLinksResolver      : Exposing 1 endpoint(s) beneath base path '/actuator'
2022-09-16 02:25:28.358  INFO 18000 --- [restartedMain] o.s.s.web.DefaultSecurityFilterChain     : Will secure any request with [org.springframework.security.web.session.DisableEncodeUrlFilter@19d0527a, org.springframework.security.web.context.request.async.WebAsyncManagerIntegrationFilter@5215cf46, org.springframework.security.web.context.SecurityContextPersistenceFilter@508154b0, org.springframework.security.web.header.HeaderWriterFilter@59a71a6, org.springframework.web.filter.CorsFilter@24bbd22e, org.springframework.security.web.csrf.CsrfFilter@7f296c89, org.springframework.security.web.authentication.logout.LogoutFilter@3d4555fa, org.springframework.security.web.authentication.UsernamePasswordAuthenticationFilter@6ca029f, org.springframework.security.web.authentication.ui.DefaultLoginPageGeneratingFilter@fce2d63, org.springframework.security.web.authentication.ui.DefaultLogoutPageGeneratingFilter@54d88006, org.springframework.security.web.authentication.www.BasicAuthenticationFilter@1de80dde, org.springframework.security.web.savedrequest.RequestCacheAwareFilter@4ded97dc, org.springframework.security.web.servletapi.SecurityContextHolderAwareRequestFilter@7541417d, org.springframework.security.web.authentication.AnonymousAuthenticationFilter@4f004b65, org.springframework.security.web.session.SessionManagementFilter@53154772, org.springframework.security.web.access.ExceptionTranslationFilter@3de4359c, org.springframework.security.web.access.intercept.FilterSecurityInterceptor@6bbbaedb]
2022-09-16 02:25:28.406  INFO 18000 --- [restartedMain] o.s.b.d.a.OptionalLiveReloadServer       : LiveReload server is running on port 35729
2022-09-16 02:25:28.447  INFO 18000 --- [restartedMain] o.s.b.w.embedded.tomcat.TomcatWebServer  : Tomcat started on port(s): 8080 (http) with context path ''
2022-09-16 02:25:28.466  INFO 18000 --- [restartedMain] com.enesderin.KodluyoruzApplication      : Started KodluyoruzApplication in 3.784 seconds (JVM running for 4.911)
2022-09-16 02:25:29.044  INFO 18000 --- [RMI TCP Connection(2)-192.168.2.243] o.a.c.c.C.[Tomcat].[localhost].[/]       : Initializing Spring DispatcherServlet 'dispatcherServlet'
2022-09-16 02:25:29.044  INFO 18000 --- [RMI TCP Connection(2)-192.168.2.243] o.s.web.servlet.DispatcherServlet        : Initializing Servlet 'dispatcherServlet'
2022-09-16 02:25:29.045  INFO 18000 --- [RMI TCP Connection(2)-192.168.2.243] o.s.web.servlet.DispatcherServlet        : Completed initialization in 1 ms
2022-09-16 02:25:33.800  INFO 18000 --- [SpringApplicationShutdownHook] j.LocalContainerEntityManagerFactoryBean : Closing JPA EntityManagerFactory for persistence unit 'default'
2022-09-16 02:25:34.025  WARN 18000 --- [SpringApplicationShutdownHook] o.s.b.f.support.DisposableBeanAdapter    : Invocation of destroy method failed on bean with name 'inMemoryDatabaseShutdownExecutor': org.h2.jdbc.JdbcSQLNonTransientConnectionException: Database is already closed (to disable automatic closing at VM shutdown, add ";DB_CLOSE_ON_EXIT=FALSE" to the db URL) [90121-214]
2022-09-16 02:25:34.027  INFO 18000 --- [SpringApplicationShutdownHook] com.zaxxer.hikari.HikariDataSource       : HikariPool-1 - Shutdown initiated...
2022-09-16 02:25:34.029  INFO 18000 --- [SpringApplicationShutdownHook] com.zaxxer.hikari.HikariDataSource       : HikariPool-1 - Shutdown completed.
